c:\users\jaesung son\github\data_structure_2022\ds0908\x64\debug\vc143.pdb
c:\users\jaesung son\github\data_structure_2022\ds0908\x64\debug\vc143.idb
c:\users\jaesung son\github\data_structure_2022\ds0908\x64\debug\source1_1.obj
c:\users\jaesung son\github\data_structure_2022\ds0908\x64\debug\source1_2.obj
c:\users\jaesung son\github\data_structure_2022\ds0908\x64\debug\source1_3.obj
c:\users\jaesung son\github\data_structure_2022\ds0908\x64\debug\source1_4.obj
c:\users\jaesung son\github\data_structure_2022\ds0908\x64\debug\source1_5.obj
c:\users\jaesung son\github\data_structure_2022\ds0908\x64\debug\source1_6.obj
c:\users\jaesung son\github\data_structure_2022\ds0908\x64\debug\ds0908.exe
c:\users\jaesung son\github\data_structure_2022\ds0908\x64\debug\ds0908.ilk
c:\users\jaesung son\github\data_structure_2022\ds0908\x64\debug\ds0908.pdb
c:\users\user\documents\github\data_structure_2022\ds0908\x64\debug\source1_1.obj
c:\users\user\documents\github\data_structure_2022\ds0908\x64\debug\source1_2.obj
c:\users\user\documents\github\data_structure_2022\ds0908\x64\debug\source1_3.obj
c:\users\user\documents\github\data_structure_2022\ds0908\x64\debug\source1_4.obj
c:\users\user\documents\github\data_structure_2022\ds0908\x64\debug\source1_5.obj
c:\users\user\documents\github\data_structure_2022\ds0908\x64\debug\source1_6.obj
c:\users\user\documents\github\data_structure_2022\ds0908\x64\debug\ds0908.ilk
c:\users\user\documents\github\data_structure_2022\ds0908\x64\debug\vc142.idb
c:\users\user\documents\github\data_structure_2022\ds0908\x64\debug\vc143.idb
c:\users\user\documents\github\data_structure_2022\ds0908\x64\debug\ds0908.pdb
c:\users\user\documents\github\data_structure_2022\ds0908\x64\debug\vc142.pdb
c:\users\user\documents\github\data_structure_2022\ds0908\x64\debug\vc143.pdb
c:\users\user\documents\github\data_structure_2022\ds0908\x64\debug\ds0908.exe
c:\users\user\documents\github\data_structure_2022\ds0908\x64\debug\ds0908.tlog\cl.command.1.tlog
c:\users\user\documents\github\data_structure_2022\ds0908\x64\debug\ds0908.tlog\cl.read.1.tlog
c:\users\user\documents\github\data_structure_2022\ds0908\x64\debug\ds0908.tlog\cl.write.1.tlog
c:\users\user\documents\github\data_structure_2022\ds0908\x64\debug\ds0908.tlog\link.command.1.tlog
c:\users\user\documents\github\data_structure_2022\ds0908\x64\debug\ds0908.tlog\link.read.1.tlog
c:\users\user\documents\github\data_structure_2022\ds0908\x64\debug\ds0908.tlog\link.write.1.tlog
